\BOOKMARK [1][-]{section.1}{Introduction}{}% 1
\BOOKMARK [1][-]{section.2}{Pr\351sentation du projet}{}% 2
\BOOKMARK [2][-]{subsection.2.1}{R\350gles du jeu}{section.2}% 3
\BOOKMARK [2][-]{subsection.2.2}{Travail attendu}{section.2}% 4
\BOOKMARK [1][-]{section.3}{Architecture}{}% 5
\BOOKMARK [2][-]{subsection.3.1}{Diagramme UML}{section.3}% 6
\BOOKMARK [2][-]{subsection.3.2}{Description des classes principales}{section.3}% 7
\BOOKMARK [3][-]{subsubsection.3.2.1}{Deck}{subsection.3.2}% 8
\BOOKMARK [3][-]{subsubsection.3.2.2}{Game}{subsection.3.2}% 9
\BOOKMARK [3][-]{subsubsection.3.2.3}{InterfaceLWJGL}{subsection.3.2}% 10
\BOOKMARK [3][-]{subsubsection.3.2.4}{Main}{subsection.3.2}% 11
\BOOKMARK [3][-]{subsubsection.3.2.5}{Occupier}{subsection.3.2}% 12
\BOOKMARK [1][-]{section.4}{Interface graphique}{}% 13
\BOOKMARK [2][-]{subsection.4.1}{R\351alisation des fen\352tres}{section.4}% 14
\BOOKMARK [2][-]{subsection.4.2}{R\351alisation des boutons}{section.4}% 15
\BOOKMARK [1][-]{section.5}{Impl\351mentation du jeu}{}% 16
\BOOKMARK [2][-]{subsection.5.1}{Mod\351lisation du plateau de jeu}{section.5}% 17
\BOOKMARK [2][-]{subsection.5.2}{Orientation et d\351placement des tortues}{section.5}% 18
\BOOKMARK [2][-]{subsection.5.3}{Obstacles et lasers}{section.5}% 19
\BOOKMARK [2][-]{subsection.5.4}{Initialisation du jeu}{section.5}% 20
\BOOKMARK [2][-]{subsection.5.5}{D\351roulement d'un tour}{section.5}% 21
\BOOKMARK [3][-]{subsubsection.5.5.1}{Compl\351ter le programme}{subsection.5.5}% 22
\BOOKMARK [3][-]{subsubsection.5.5.2}{Construire un mur}{subsection.5.5}% 23
\BOOKMARK [3][-]{subsubsection.5.5.3}{Ex\351cuter le programme}{subsection.5.5}% 24
\BOOKMARK [3][-]{subsubsection.5.5.4}{D\351fausser sa main}{subsection.5.5}% 25
\BOOKMARK [2][-]{subsection.5.6}{Identification de fin d'une partie et scores}{section.5}% 26
\BOOKMARK [1][-]{section.6}{Conclusion}{}% 27
